<?xml version="1.0" encoding="UTF-8"?>
<!-- Generated by org.testng.reporters.JUnitReportReporter -->
<testsuite hostname="MughdaPc" failures="0" tests="1" name="university_time_management_bank.DemoVideo" time="34.734" errors="0" timestamp="2025-04-03T18:44:52 IST" skipped="0">
  <testcase classname="university_time_management_bank.DemoVideo" name="f1" time="34.734"/>
  <system-out/>
</testsuite> <!-- university_time_management_bank.DemoVideo -->
